[15Apr2021 00:00:00.048] [Server thread/INFO] [tombstone/]: All players have been successfully backed up
[15Apr2021 00:20:00.000] [Server thread/INFO] [tombstone/]: All players have been successfully backed up
[15Apr2021 00:20:00.044] [Server thread/INFO] [tombstone/]: All players have been successfully backed up
[15Apr2021 00:40:00.001] [Server thread/INFO] [tombstone/]: All players have been successfully backed up
[15Apr2021 00:40:00.049] [Server thread/INFO] [tombstone/]: All players have been successfully backed up
[15Apr2021 00:50:11.055] [Timer-0/INFO] [com.darkere.crashutils.CrashUtils/]: Unloading chunks for players that have not been online in: 7 Days
[15Apr2021 00:50:11.055] [Timer-0/INFO] [com.darkere.crashutils.CrashUtils/]: [] Player(s) affected 
[15Apr2021 01:00:00.044] [Server thread/INFO] [tombstone/]: All players have been successfully backed up
[15Apr2021 01:20:00.045] [Server thread/INFO] [tombstone/]: All players have been successfully backed up
[15Apr2021 01:40:00.044] [Server thread/INFO] [tombstone/]: All players have been successfully backed up
[15Apr2021 01:50:11.055] [Timer-0/INFO] [com.darkere.crashutils.CrashUtils/]: Unloading chunks for players that have not been online in: 7 Days
[15Apr2021 01:50:11.055] [Timer-0/INFO] [com.darkere.crashutils.CrashUtils/]: [] Player(s) affected 
[15Apr2021 02:00:00.001] [Server thread/INFO] [tombstone/]: All players have been successfully backed up
[15Apr2021 02:20:00.047] [Server thread/INFO] [tombstone/]: All players have been successfully backed up
[15Apr2021 02:40:00.000] [Server thread/INFO] [tombstone/]: All players have been successfully backed up
[15Apr2021 02:40:00.044] [Server thread/INFO] [tombstone/]: All players have been successfully backed up
[15Apr2021 02:50:11.054] [Timer-0/INFO] [com.darkere.crashutils.CrashUtils/]: Unloading chunks for players that have not been online in: 7 Days
[15Apr2021 02:50:11.055] [Timer-0/INFO] [com.darkere.crashutils.CrashUtils/]: [] Player(s) affected 
[15Apr2021 03:00:00.044] [Server thread/INFO] [tombstone/]: All players have been successfully backed up
[15Apr2021 03:20:00.000] [Server thread/INFO] [tombstone/]: All players have been successfully backed up
[15Apr2021 03:20:00.047] [Server thread/INFO] [tombstone/]: All players have been successfully backed up
[15Apr2021 03:40:00.047] [Server thread/INFO] [tombstone/]: All players have been successfully backed up
[15Apr2021 03:50:11.056] [Timer-0/INFO] [com.darkere.crashutils.CrashUtils/]: Unloading chunks for players that have not been online in: 7 Days
[15Apr2021 03:50:11.056] [Timer-0/INFO] [com.darkere.crashutils.CrashUtils/]: [] Player(s) affected 
[15Apr2021 04:00:00.048] [Server thread/INFO] [tombstone/]: All players have been successfully backed up
[15Apr2021 04:20:00.046] [Server thread/INFO] [tombstone/]: All players have been successfully backed up
[15Apr2021 04:40:00.047] [Server thread/INFO] [tombstone/]: All players have been successfully backed up
[15Apr2021 04:50:11.055] [Timer-0/INFO] [com.darkere.crashutils.CrashUtils/]: Unloading chunks for players that have not been online in: 7 Days
[15Apr2021 04:50:11.056] [Timer-0/INFO] [com.darkere.crashutils.CrashUtils/]: [] Player(s) affected 
[15Apr2021 05:00:00.044] [Server thread/INFO] [tombstone/]: All players have been successfully backed up
[15Apr2021 05:20:00.045] [Server thread/INFO] [tombstone/]: All players have been successfully backed up
[15Apr2021 05:40:00.000] [Server thread/INFO] [tombstone/]: All players have been successfully backed up
[15Apr2021 05:40:00.046] [Server thread/INFO] [tombstone/]: All players have been successfully backed up
[15Apr2021 05:50:11.055] [Timer-0/INFO] [com.darkere.crashutils.CrashUtils/]: Unloading chunks for players that have not been online in: 7 Days
[15Apr2021 05:50:11.056] [Timer-0/INFO] [com.darkere.crashutils.CrashUtils/]: [] Player(s) affected 
[15Apr2021 06:00:00.047] [Server thread/INFO] [tombstone/]: All players have been successfully backed up
[15Apr2021 06:20:00.000] [Server thread/INFO] [tombstone/]: All players have been successfully backed up
[15Apr2021 06:20:00.045] [Server thread/INFO] [tombstone/]: All players have been successfully backed up
[15Apr2021 06:40:00.049] [Server thread/INFO] [tombstone/]: All players have been successfully backed up
[15Apr2021 06:50:11.055] [Timer-0/INFO] [com.darkere.crashutils.CrashUtils/]: Unloading chunks for players that have not been online in: 7 Days
[15Apr2021 06:50:11.056] [Timer-0/INFO] [com.darkere.crashutils.CrashUtils/]: [] Player(s) affected 
[15Apr2021 07:00:00.002] [Server thread/INFO] [tombstone/]: All players have been successfully backed up
[15Apr2021 07:00:00.043] [Server thread/INFO] [tombstone/]: All players have been successfully backed up
[15Apr2021 07:20:00.045] [Server thread/INFO] [tombstone/]: All players have been successfully backed up
[15Apr2021 07:40:00.044] [Server thread/INFO] [tombstone/]: All players have been successfully backed up
[15Apr2021 07:50:11.055] [Timer-0/INFO] [com.darkere.crashutils.CrashUtils/]: Unloading chunks for players that have not been online in: 7 Days
[15Apr2021 07:50:11.055] [Timer-0/INFO] [com.darkere.crashutils.CrashUtils/]: [] Player(s) affected 
[15Apr2021 08:00:00.002] [Server thread/INFO] [tombstone/]: All players have been successfully backed up
[15Apr2021 08:00:00.046] [Server thread/INFO] [tombstone/]: All players have been successfully backed up
[15Apr2021 08:20:00.002] [Server thread/INFO] [tombstone/]: All players have been successfully backed up
[15Apr2021 08:20:00.044] [Server thread/INFO] [tombstone/]: All players have been successfully backed up
[15Apr2021 08:40:00.045] [Server thread/INFO] [tombstone/]: All players have been successfully backed up
[15Apr2021 08:50:11.055] [Timer-0/INFO] [com.darkere.crashutils.CrashUtils/]: Unloading chunks for players that have not been online in: 7 Days
[15Apr2021 08:50:11.055] [Timer-0/INFO] [com.darkere.crashutils.CrashUtils/]: [] Player(s) affected 
[15Apr2021 09:00:00.048] [Server thread/INFO] [tombstone/]: All players have been successfully backed up
[15Apr2021 09:20:00.044] [Server thread/INFO] [tombstone/]: All players have been successfully backed up
[15Apr2021 09:50:11.056] [Timer-0/INFO] [com.darkere.crashutils.CrashUtils/]: Unloading chunks for players that have not been online in: 7 Days
[15Apr2021 09:50:11.056] [Timer-0/INFO] [com.darkere.crashutils.CrashUtils/]: [] Player(s) affected 
[15Apr2021 10:20:00.045] [Server thread/INFO] [tombstone/]: All players have been successfully backed up
[15Apr2021 10:40:00.000] [Server thread/INFO] [tombstone/]: All players have been successfully backed up
[15Apr2021 10:40:00.045] [Server thread/INFO] [tombstone/]: All players have been successfully backed up
[15Apr2021 10:50:11.055] [Timer-0/INFO] [com.darkere.crashutils.CrashUtils/]: Unloading chunks for players that have not been online in: 7 Days
[15Apr2021 10:50:11.056] [Timer-0/INFO] [com.darkere.crashutils.CrashUtils/]: [] Player(s) affected 
[15Apr2021 11:00:00.044] [Server thread/INFO] [tombstone/]: All players have been successfully backed up
[15Apr2021 11:20:00.002] [Server thread/INFO] [tombstone/]: All players have been successfully backed up
[15Apr2021 11:20:00.048] [Server thread/INFO] [tombstone/]: All players have been successfully backed up
[15Apr2021 11:40:00.043] [Server thread/INFO] [tombstone/]: All players have been successfully backed up
[15Apr2021 11:50:11.055] [Timer-0/INFO] [com.darkere.crashutils.CrashUtils/]: Unloading chunks for players that have not been online in: 7 Days
[15Apr2021 11:50:11.055] [Timer-0/INFO] [com.darkere.crashutils.CrashUtils/]: [] Player(s) affected 
[15Apr2021 12:00:00.044] [Server thread/INFO] [tombstone/]: All players have been successfully backed up
[15Apr2021 12:20:00.047] [Server thread/INFO] [tombstone/]: All players have been successfully backed up
[15Apr2021 12:50:11.054] [Timer-0/INFO] [com.darkere.crashutils.CrashUtils/]: Unloading chunks for players that have not been online in: 7 Days
[15Apr2021 12:50:11.054] [Timer-0/INFO] [com.darkere.crashutils.CrashUtils/]: [] Player(s) affected 
[15Apr2021 13:00:00.000] [Server thread/INFO] [tombstone/]: All players have been successfully backed up
[15Apr2021 13:00:00.047] [Server thread/INFO] [tombstone/]: All players have been successfully backed up
[15Apr2021 13:20:00.009] [Server thread/INFO] [tombstone/]: All players have been successfully backed up
[15Apr2021 13:36:33.932] [User Authenticator #4/INFO] [net.minecraft.network.login.ServerLoginNetHandler/]: UUID of player Jicky_Chin is c8e47b12-99f0-4aac-a104-3e66b00f119b
[15Apr2021 13:37:38.311] [Server thread/INFO] [net.minecraftforge.common.AdvancementLoadFix/]: Using new advancement loading for net.minecraft.advancements.PlayerAdvancements@6e6b904c
[15Apr2021 13:37:38.335] [Server thread/INFO] [net.minecraft.server.management.PlayerList/]: Jicky_Chin[/192.168.2.15:38096] logged in with entity id 165039 at (49.61509770631926, 68.0, 285.36250001192093)
[15Apr2021 13:37:38.364] [Server thread/INFO] [net.minecraft.server.dedicated.DedicatedServer/]: Jicky_Chin joined the game
[15Apr2021 13:37:38.548] [Server thread/INFO] [FTB Utilities Backups/]: Server Backup started!
[15Apr2021 13:37:38.548] [Server thread/INFO] [net.minecraft.server.dedicated.DedicatedServer/]: Server Backup started!
[15Apr2021 13:37:38.639] [Thread-2338/INFO] [FTB Utilities Backups/]: Deleting old backup: 2021-04-11-20-18-23.zip
[15Apr2021 13:37:38.642] [Thread-2338/INFO] [FTB Utilities Backups/]: Backing up 1211 files...
[15Apr2021 13:37:38.642] [Thread-2338/INFO] [FTB Utilities Backups/]: Compressing 1211 files...
[15Apr2021 13:37:39.490] [Netty Epoll Server IO #12/INFO] [recipebuffers - WRITE/]: Recipe packet size: 1750235
[15Apr2021 13:37:39.490] [Netty Epoll Server IO #12/INFO] [recipebuffers - WRITE/]: Item stack bytes: 510312
[15Apr2021 13:37:39.490] [Netty Epoll Server IO #12/INFO] [recipebuffers - WRITE/]: RL path bytes: 412093
[15Apr2021 13:37:39.490] [Netty Epoll Server IO #12/INFO] [recipebuffers - WRITE/]: Ingredient cache size: 8921
[15Apr2021 13:37:39.490] [Netty Epoll Server IO #12/INFO] [recipebuffers - WRITE/]: Ingredient cache hits: 82066
[15Apr2021 13:37:40.553] [Netty Epoll Server IO #12/INFO] [recipebuffers - WRITE/]: Recipe packet size: 1750236
[15Apr2021 13:37:40.554] [Netty Epoll Server IO #12/INFO] [recipebuffers - WRITE/]: Item stack bytes: 510312
[15Apr2021 13:37:40.554] [Netty Epoll Server IO #12/INFO] [recipebuffers - WRITE/]: RL path bytes: 412093
[15Apr2021 13:37:40.554] [Netty Epoll Server IO #12/INFO] [recipebuffers - WRITE/]: Ingredient cache size: 8921
[15Apr2021 13:37:40.554] [Netty Epoll Server IO #12/INFO] [recipebuffers - WRITE/]: Ingredient cache hits: 82066
[15Apr2021 13:37:57.515] [Server thread/WARN] [net.minecraft.server.MinecraftServer/]: Can't keep up! Is the server overloaded? Running 2005ms or 40 ticks behind
[15Apr2021 13:38:19.864] [Server thread/WARN] [net.minecraft.server.MinecraftServer/]: Can't keep up! Is the server overloaded? Running 2004ms or 40 ticks behind
[15Apr2021 13:38:34.995] [Thread-2338/INFO] [FTB Utilities Backups/]: Done compressing in 00:56 seconds (991.5MB)!
[15Apr2021 13:38:34.995] [Thread-2338/INFO] [FTB Utilities Backups/]: Created /home/boner/Desktop/atmserver/Current/backups/2021-04-15-13-37-38.zip from /home/boner/Desktop/atmserver/Current/world
[15Apr2021 13:38:35.027] [Thread-2338/INFO] [net.minecraft.server.dedicated.DedicatedServer/]: Server backup done in 00:56! (991.5MB | 5.8GB)
[15Apr2021 13:38:37.243] [Server thread/WARN] [net.minecraft.server.MinecraftServer/]: Can't keep up! Is the server overloaded? Running 2384ms or 47 ticks behind
[15Apr2021 13:38:57.915] [Server thread/WARN] [net.minecraft.server.MinecraftServer/]: Can't keep up! Is the server overloaded? Running 2005ms or 40 ticks behind
[15Apr2021 13:39:26.710] [Server thread/WARN] [net.minecraft.server.MinecraftServer/]: Can't keep up! Is the server overloaded? Running 2001ms or 40 ticks behind
[15Apr2021 13:39:58.569] [Server thread/WARN] [net.minecraft.server.MinecraftServer/]: Can't keep up! Is the server overloaded? Running 2009ms or 40 ticks behind
[15Apr2021 13:40:00.067] [Server thread/INFO] [tombstone/]: All players have been successfully backed up
[15Apr2021 13:40:19.763] [Server thread/WARN] [net.minecraft.server.MinecraftServer/]: Can't keep up! Is the server overloaded? Running 2003ms or 40 ticks behind
[15Apr2021 13:40:48.760] [Server thread/WARN] [net.minecraft.server.MinecraftServer/]: Can't keep up! Is the server overloaded? Running 2001ms or 40 ticks behind
[15Apr2021 13:41:22.161] [Server thread/WARN] [net.minecraft.server.MinecraftServer/]: Can't keep up! Is the server overloaded? Running 2001ms or 40 ticks behind
[15Apr2021 13:41:42.719] [Server thread/WARN] [net.minecraft.server.MinecraftServer/]: Can't keep up! Is the server overloaded? Running 2260ms or 45 ticks behind
[15Apr2021 13:43:06.513] [Server thread/WARN] [net.minecraft.server.MinecraftServer/]: Can't keep up! Is the server overloaded? Running 2003ms or 40 ticks behind
[15Apr2021 13:43:23.677] [Server thread/WARN] [net.minecraft.server.MinecraftServer/]: Can't keep up! Is the server overloaded? Running 2167ms or 43 ticks behind
[15Apr2021 13:46:11.611] [Server thread/WARN] [net.minecraft.server.MinecraftServer/]: Can't keep up! Is the server overloaded? Running 2001ms or 40 ticks behind
[15Apr2021 13:46:29.417] [Server thread/WARN] [net.minecraft.server.MinecraftServer/]: Can't keep up! Is the server overloaded? Running 2007ms or 40 ticks behind
[15Apr2021 13:46:46.798] [Server thread/WARN] [net.minecraft.server.MinecraftServer/]: Can't keep up! Is the server overloaded? Running 2388ms or 47 ticks behind
[15Apr2021 13:47:04.652] [Server thread/WARN] [net.minecraft.server.MinecraftServer/]: Can't keep up! Is the server overloaded? Running 2892ms or 57 ticks behind
[15Apr2021 13:47:22.233] [Server thread/WARN] [net.minecraft.server.MinecraftServer/]: Can't keep up! Is the server overloaded? Running 2623ms or 52 ticks behind
[15Apr2021 13:47:41.361] [Server thread/WARN] [net.minecraft.server.MinecraftServer/]: Can't keep up! Is the server overloaded? Running 2001ms or 40 ticks behind
[15Apr2021 13:47:59.412] [Server thread/WARN] [net.minecraft.server.MinecraftServer/]: Can't keep up! Is the server overloaded? Running 2003ms or 40 ticks behind
[15Apr2021 13:48:27.761] [Server thread/WARN] [net.minecraft.server.MinecraftServer/]: Can't keep up! Is the server overloaded? Running 2001ms or 40 ticks behind
[15Apr2021 13:48:45.321] [Server thread/WARN] [net.minecraft.server.MinecraftServer/]: Can't keep up! Is the server overloaded? Running 2011ms or 40 ticks behind
[15Apr2021 13:50:02.617] [Server thread/WARN] [net.minecraft.server.MinecraftServer/]: Can't keep up! Is the server overloaded? Running 2007ms or 40 ticks behind
[15Apr2021 13:50:07.880] [Server thread/WARN] [net.minecraft.world.server.ServerWorld/]: Trying to add entity with duplicated UUID d3f5ca9b-704d-4546-a11f-c2c59e52895a. Existing quark:frog#167204, new: quark:frog#167204
[15Apr2021 13:50:11.054] [Timer-0/INFO] [com.darkere.crashutils.CrashUtils/]: Unloading chunks for players that have not been online in: 7 Days
[15Apr2021 13:50:11.054] [Timer-0/INFO] [com.darkere.crashutils.CrashUtils/]: [] Player(s) affected 
[15Apr2021 13:54:55.462] [Server thread/WARN] [net.minecraft.server.MinecraftServer/]: Can't keep up! Is the server overloaded? Running 2002ms or 40 ticks behind
[15Apr2021 13:55:12.511] [Server thread/WARN] [net.minecraft.server.MinecraftServer/]: Can't keep up! Is the server overloaded? Running 2051ms or 41 ticks behind
[15Apr2021 13:55:29.944] [Server thread/WARN] [net.minecraft.server.MinecraftServer/]: Can't keep up! Is the server overloaded? Running 2435ms or 48 ticks behind
[15Apr2021 13:55:47.079] [Server thread/WARN] [net.minecraft.server.MinecraftServer/]: Can't keep up! Is the server overloaded? Running 2170ms or 43 ticks behind
[15Apr2021 13:56:04.142] [Server thread/WARN] [net.minecraft.server.MinecraftServer/]: Can't keep up! Is the server overloaded? Running 2082ms or 41 ticks behind
[15Apr2021 13:56:23.064] [Server thread/WARN] [net.minecraft.server.MinecraftServer/]: Can't keep up! Is the server overloaded? Running 2004ms or 40 ticks behind
[15Apr2021 13:56:40.312] [Server thread/WARN] [net.minecraft.server.MinecraftServer/]: Can't keep up! Is the server overloaded? Running 2002ms or 40 ticks behind
[15Apr2021 13:56:57.573] [Server thread/WARN] [net.minecraft.server.MinecraftServer/]: Can't keep up! Is the server overloaded? Running 2263ms or 45 ticks behind
[15Apr2021 13:57:18.811] [Server thread/WARN] [net.minecraft.server.MinecraftServer/]: Can't keep up! Is the server overloaded? Running 2001ms or 40 ticks behind
[15Apr2021 13:57:36.011] [Server thread/WARN] [net.minecraft.server.MinecraftServer/]: Can't keep up! Is the server overloaded? Running 2001ms or 40 ticks behind
[15Apr2021 13:57:56.613] [Server thread/WARN] [net.minecraft.server.MinecraftServer/]: Can't keep up! Is the server overloaded? Running 2003ms or 40 ticks behind
[15Apr2021 13:58:13.765] [Server thread/WARN] [net.minecraft.server.MinecraftServer/]: Can't keep up! Is the server overloaded? Running 2155ms or 43 ticks behind
[15Apr2021 13:58:30.877] [Server thread/WARN] [net.minecraft.server.MinecraftServer/]: Can't keep up! Is the server overloaded? Running 2117ms or 42 ticks behind
[15Apr2021 13:58:48.861] [Server thread/WARN] [net.minecraft.server.MinecraftServer/]: Can't keep up! Is the server overloaded? Running 2001ms or 40 ticks behind
[15Apr2021 13:59:07.213] [Server thread/WARN] [net.minecraft.server.MinecraftServer/]: Can't keep up! Is the server overloaded? Running 2003ms or 40 ticks behind
[15Apr2021 14:00:03.863] [Server thread/WARN] [net.minecraft.server.MinecraftServer/]: Can't keep up! Is the server overloaded? Running 2004ms or 40 ticks behind
[15Apr2021 14:00:23.461] [Server thread/WARN] [net.minecraft.server.MinecraftServer/]: Can't keep up! Is the server overloaded? Running 2001ms or 40 ticks behind
[15Apr2021 14:00:43.112] [Server thread/WARN] [net.minecraft.server.MinecraftServer/]: Can't keep up! Is the server overloaded? Running 2002ms or 40 ticks behind
[15Apr2021 14:01:00.251] [Server thread/WARN] [net.minecraft.server.MinecraftServer/]: Can't keep up! Is the server overloaded? Running 2142ms or 42 ticks behind
[15Apr2021 14:01:19.168] [Server thread/WARN] [net.minecraft.server.MinecraftServer/]: Can't keep up! Is the server overloaded? Running 2009ms or 40 ticks behind
[15Apr2021 14:01:38.931] [Server thread/WARN] [net.minecraft.server.MinecraftServer/]: Can't keep up! Is the server overloaded? Running 2021ms or 40 ticks behind
[15Apr2021 14:01:56.285] [Server thread/WARN] [net.minecraft.server.MinecraftServer/]: Can't keep up! Is the server overloaded? Running 2375ms or 47 ticks behind
[15Apr2021 14:03:22.867] [Server thread/WARN] [net.minecraft.server.MinecraftServer/]: Can't keep up! Is the server overloaded? Running 2007ms or 40 ticks behind
[15Apr2021 14:11:07.962] [Server thread/WARN] [net.minecraft.server.MinecraftServer/]: Can't keep up! Is the server overloaded? Running 2002ms or 40 ticks behind
[15Apr2021 14:11:47.512] [Server thread/WARN] [net.minecraft.server.MinecraftServer/]: Can't keep up! Is the server overloaded? Running 2002ms or 40 ticks behind
[15Apr2021 14:12:45.067] [Server thread/WARN] [net.minecraft.server.MinecraftServer/]: Can't keep up! Is the server overloaded? Running 2008ms or 40 ticks behind
[15Apr2021 14:13:02.519] [Server thread/WARN] [net.minecraft.server.MinecraftServer/]: Can't keep up! Is the server overloaded? Running 2459ms or 49 ticks behind
[15Apr2021 14:13:20.077] [Server thread/WARN] [net.minecraft.server.MinecraftServer/]: Can't keep up! Is the server overloaded? Running 2567ms or 51 ticks behind
[15Apr2021 14:15:19.264] [Server thread/WARN] [net.minecraft.server.MinecraftServer/]: Can't keep up! Is the server overloaded? Running 2004ms or 40 ticks behind
[15Apr2021 14:15:37.263] [Server thread/WARN] [net.minecraft.server.MinecraftServer/]: Can't keep up! Is the server overloaded? Running 2004ms or 40 ticks behind
[15Apr2021 14:15:54.511] [Server thread/WARN] [net.minecraft.server.MinecraftServer/]: Can't keep up! Is the server overloaded? Running 2251ms or 45 ticks behind
[15Apr2021 14:16:11.960] [Server thread/WARN] [net.minecraft.server.MinecraftServer/]: Can't keep up! Is the server overloaded? Running 2001ms or 40 ticks behind
[15Apr2021 14:16:29.057] [Server thread/WARN] [net.minecraft.server.MinecraftServer/]: Can't keep up! Is the server overloaded? Running 2097ms or 41 ticks behind
[15Apr2021 14:16:46.128] [Server thread/WARN] [net.minecraft.server.MinecraftServer/]: Can't keep up! Is the server overloaded? Running 2118ms or 42 ticks behind
[15Apr2021 14:17:04.313] [Server thread/WARN] [net.minecraft.server.MinecraftServer/]: Can't keep up! Is the server overloaded? Running 2003ms or 40 ticks behind
[15Apr2021 14:17:21.530] [Server thread/WARN] [net.minecraft.server.MinecraftServer/]: Can't keep up! Is the server overloaded? Running 2220ms or 44 ticks behind
[15Apr2021 14:18:21.371] [Server thread/WARN] [net.minecraft.server.MinecraftServer/]: Can't keep up! Is the server overloaded? Running 2012ms or 40 ticks behind
[15Apr2021 14:18:39.357] [Server thread/WARN] [net.minecraft.server.MinecraftServer/]: Can't keep up! Is the server overloaded? Running 2997ms or 59 ticks behind
[15Apr2021 14:18:56.446] [Server thread/WARN] [net.minecraft.server.MinecraftServer/]: Can't keep up! Is the server overloaded? Running 2136ms or 42 ticks behind
[15Apr2021 14:19:13.505] [Server thread/WARN] [net.minecraft.server.MinecraftServer/]: Can't keep up! Is the server overloaded? Running 2095ms or 41 ticks behind
[15Apr2021 14:19:30.964] [Server thread/WARN] [net.minecraft.server.MinecraftServer/]: Can't keep up! Is the server overloaded? Running 2004ms or 40 ticks behind
[15Apr2021 14:19:52.764] [Server thread/WARN] [net.minecraft.server.MinecraftServer/]: Can't keep up! Is the server overloaded? Running 2004ms or 40 ticks behind
[15Apr2021 14:20:00.055] [Server thread/INFO] [tombstone/]: All players have been successfully backed up
[15Apr2021 14:20:22.520] [Server thread/WARN] [net.minecraft.server.MinecraftServer/]: Can't keep up! Is the server overloaded? Running 2010ms or 40 ticks behind
[15Apr2021 14:20:39.613] [Server thread/WARN] [net.minecraft.server.MinecraftServer/]: Can't keep up! Is the server overloaded? Running 2003ms or 40 ticks behind
[15Apr2021 14:20:56.621] [Server thread/WARN] [net.minecraft.server.MinecraftServer/]: Can't keep up! Is the server overloaded? Running 2012ms or 40 ticks behind
[15Apr2021 14:21:14.214] [Server thread/WARN] [net.minecraft.server.MinecraftServer/]: Can't keep up! Is the server overloaded? Running 2004ms or 40 ticks behind
[15Apr2021 14:21:32.465] [Server thread/WARN] [net.minecraft.server.MinecraftServer/]: Can't keep up! Is the server overloaded? Running 2005ms or 40 ticks behind
[15Apr2021 14:21:49.615] [Server thread/WARN] [net.minecraft.server.MinecraftServer/]: Can't keep up! Is the server overloaded? Running 2155ms or 43 ticks behind
[15Apr2021 14:22:06.750] [Server thread/WARN] [net.minecraft.server.MinecraftServer/]: Can't keep up! Is the server overloaded? Running 2140ms or 42 ticks behind
[15Apr2021 14:22:26.963] [Server thread/WARN] [net.minecraft.server.MinecraftServer/]: Can't keep up! Is the server overloaded? Running 2003ms or 40 ticks behind
[15Apr2021 14:22:47.263] [Server thread/WARN] [net.minecraft.server.MinecraftServer/]: Can't keep up! Is the server overloaded? Running 2004ms or 40 ticks behind
[15Apr2021 14:23:04.397] [Server thread/WARN] [net.minecraft.server.MinecraftServer/]: Can't keep up! Is the server overloaded? Running 2137ms or 42 ticks behind
[15Apr2021 14:23:21.551] [Server thread/WARN] [net.minecraft.server.MinecraftServer/]: Can't keep up! Is the server overloaded? Running 2191ms or 43 ticks behind
[15Apr2021 14:23:39.320] [Server thread/WARN] [net.minecraft.server.MinecraftServer/]: Can't keep up! Is the server overloaded? Running 2810ms or 56 ticks behind
[15Apr2021 14:23:58.515] [Server thread/WARN] [net.minecraft.server.MinecraftServer/]: Can't keep up! Is the server overloaded? Running 2005ms or 40 ticks behind
[15Apr2021 14:23:59.333] [Server thread/WARN] [net.minecraft.world.TrackedEntity/]: Fetching packet for removed entity ItemEntity['Air'/172591, l='ServerLevel[world]', x=46.46, y=58.67, z=299.48]
[15Apr2021 14:24:15.587] [Server thread/WARN] [net.minecraft.server.MinecraftServer/]: Can't keep up! Is the server overloaded? Running 2077ms or 41 ticks behind
[15Apr2021 14:24:32.912] [Server thread/WARN] [net.minecraft.server.MinecraftServer/]: Can't keep up! Is the server overloaded? Running 2003ms or 40 ticks behind
[15Apr2021 14:24:52.714] [Server thread/WARN] [net.minecraft.server.MinecraftServer/]: Can't keep up! Is the server overloaded? Running 2004ms or 40 ticks behind
[15Apr2021 14:25:15.967] [Server thread/WARN] [net.minecraft.server.MinecraftServer/]: Can't keep up! Is the server overloaded? Running 2007ms or 40 ticks behind
[15Apr2021 14:25:39.616] [Server thread/WARN] [net.minecraft.server.MinecraftServer/]: Can't keep up! Is the server overloaded? Running 2007ms or 40 ticks behind
[15Apr2021 14:25:56.683] [Server thread/WARN] [net.minecraft.server.MinecraftServer/]: Can't keep up! Is the server overloaded? Running 2073ms or 41 ticks behind
[15Apr2021 14:26:13.769] [Server thread/WARN] [net.minecraft.server.MinecraftServer/]: Can't keep up! Is the server overloaded? Running 2109ms or 42 ticks behind
[15Apr2021 14:26:33.472] [Server thread/WARN] [net.minecraft.server.MinecraftServer/]: Can't keep up! Is the server overloaded? Running 2012ms or 40 ticks behind
[15Apr2021 14:26:53.012] [Server thread/WARN] [net.minecraft.server.MinecraftServer/]: Can't keep up! Is the server overloaded? Running 2003ms or 40 ticks behind
[15Apr2021 14:27:41.213] [Server thread/WARN] [net.minecraft.server.MinecraftServer/]: Can't keep up! Is the server overloaded? Running 2003ms or 40 ticks behind
[15Apr2021 14:28:00.113] [Server thread/WARN] [net.minecraft.server.MinecraftServer/]: Can't keep up! Is the server overloaded? Running 2003ms or 40 ticks behind
[15Apr2021 14:29:28.554] [Server thread/WARN] [net.minecraft.server.MinecraftServer/]: Can't keep up! Is the server overloaded? Running 2094ms or 41 ticks behind
[15Apr2021 14:29:45.716] [Server thread/WARN] [net.minecraft.server.MinecraftServer/]: Can't keep up! Is the server overloaded? Running 2206ms or 44 ticks behind
[15Apr2021 14:30:05.274] [Server thread/WARN] [net.minecraft.server.MinecraftServer/]: Can't keep up! Is the server overloaded? Running 2014ms or 40 ticks behind
[15Apr2021 14:30:22.292] [Server thread/WARN] [net.minecraft.server.MinecraftServer/]: Can't keep up! Is the server overloaded? Running 2033ms or 40 ticks behind
[15Apr2021 14:30:39.414] [Server thread/WARN] [net.minecraft.server.MinecraftServer/]: Can't keep up! Is the server overloaded? Running 2154ms or 43 ticks behind
[15Apr2021 14:30:58.117] [Server thread/WARN] [net.minecraft.server.MinecraftServer/]: Can't keep up! Is the server overloaded? Running 2007ms or 40 ticks behind
[15Apr2021 14:31:15.456] [Server thread/WARN] [net.minecraft.server.MinecraftServer/]: Can't keep up! Is the server overloaded? Running 2346ms or 46 ticks behind
[15Apr2021 14:31:33.111] [Server thread/WARN] [net.minecraft.server.MinecraftServer/]: Can't keep up! Is the server overloaded? Running 2001ms or 40 ticks behind
[15Apr2021 14:31:51.716] [Server thread/WARN] [net.minecraft.server.MinecraftServer/]: Can't keep up! Is the server overloaded? Running 2007ms or 40 ticks behind
[15Apr2021 14:32:20.511] [Server thread/WARN] [net.minecraft.server.MinecraftServer/]: Can't keep up! Is the server overloaded? Running 2002ms or 40 ticks behind
[15Apr2021 14:32:37.588] [Server thread/WARN] [net.minecraft.server.MinecraftServer/]: Can't keep up! Is the server overloaded? Running 2078ms or 41 ticks behind
[15Apr2021 14:32:54.813] [Server thread/WARN] [net.minecraft.server.MinecraftServer/]: Can't keep up! Is the server overloaded? Running 2003ms or 40 ticks behind
[15Apr2021 14:33:12.060] [Server thread/WARN] [net.minecraft.server.MinecraftServer/]: Can't keep up! Is the server overloaded? Running 2250ms or 45 ticks behind
[15Apr2021 14:33:29.452] [Server thread/WARN] [net.minecraft.server.MinecraftServer/]: Can't keep up! Is the server overloaded? Running 2393ms or 47 ticks behind
[15Apr2021 14:33:46.458] [Server thread/WARN] [net.minecraft.server.MinecraftServer/]: Can't keep up! Is the server overloaded? Running 2048ms or 40 ticks behind
[15Apr2021 14:34:08.360] [Server thread/WARN] [net.minecraft.server.MinecraftServer/]: Can't keep up! Is the server overloaded? Running 2001ms or 40 ticks behind
[15Apr2021 14:34:31.869] [Server thread/WARN] [net.minecraft.server.MinecraftServer/]: Can't keep up! Is the server overloaded? Running 2009ms or 40 ticks behind
[15Apr2021 14:34:52.816] [Server thread/WARN] [net.minecraft.server.MinecraftServer/]: Can't keep up! Is the server overloaded? Running 2006ms or 40 ticks behind
[15Apr2021 14:36:59.563] [Server thread/WARN] [net.minecraft.server.MinecraftServer/]: Can't keep up! Is the server overloaded? Running 2004ms or 40 ticks behind
[15Apr2021 14:37:16.911] [Server thread/WARN] [net.minecraft.server.MinecraftServer/]: Can't keep up! Is the server overloaded? Running 2001ms or 40 ticks behind
[15Apr2021 14:37:34.277] [Server thread/WARN] [net.minecraft.server.MinecraftServer/]: Can't keep up! Is the server overloaded? Running 2367ms or 47 ticks behind
[15Apr2021 14:37:51.315] [Server thread/WARN] [net.minecraft.server.MinecraftServer/]: Can't keep up! Is the server overloaded? Running 2055ms or 41 ticks behind
[15Apr2021 14:38:10.062] [Server thread/WARN] [net.minecraft.server.MinecraftServer/]: Can't keep up! Is the server overloaded? Running 2002ms or 40 ticks behind
[15Apr2021 14:38:27.213] [Server thread/WARN] [net.minecraft.server.MinecraftServer/]: Can't keep up! Is the server overloaded? Running 2153ms or 43 ticks behind
[15Apr2021 14:38:44.364] [Server thread/WARN] [net.minecraft.server.MinecraftServer/]: Can't keep up! Is the server overloaded? Running 2004ms or 40 ticks behind
[15Apr2021 14:39:01.413] [Server thread/WARN] [net.minecraft.server.MinecraftServer/]: Can't keep up! Is the server overloaded? Running 2004ms or 40 ticks behind
[15Apr2021 14:39:19.113] [Server thread/WARN] [net.minecraft.server.MinecraftServer/]: Can't keep up! Is the server overloaded? Running 2003ms or 40 ticks behind
[15Apr2021 14:39:40.513] [Server thread/WARN] [net.minecraft.server.MinecraftServer/]: Can't keep up! Is the server overloaded? Running 2003ms or 40 ticks behind
[15Apr2021 14:40:00.080] [Server thread/INFO] [tombstone/]: All players have been successfully backed up
[15Apr2021 14:40:02.511] [Server thread/WARN] [net.minecraft.server.MinecraftServer/]: Can't keep up! Is the server overloaded? Running 2001ms or 40 ticks behind
[15Apr2021 14:40:26.215] [Server thread/WARN] [net.minecraft.server.MinecraftServer/]: Can't keep up! Is the server overloaded? Running 2005ms or 40 ticks behind
[15Apr2021 14:40:46.011] [Server thread/WARN] [net.minecraft.server.MinecraftServer/]: Can't keep up! Is the server overloaded? Running 2002ms or 40 ticks behind
[15Apr2021 14:41:10.668] [Server thread/WARN] [net.minecraft.server.MinecraftServer/]: Can't keep up! Is the server overloaded? Running 2008ms or 40 ticks behind
[15Apr2021 14:41:36.068] [Server thread/WARN] [net.minecraft.server.MinecraftServer/]: Can't keep up! Is the server overloaded? Running 2008ms or 40 ticks behind
[15Apr2021 14:42:00.514] [Server thread/WARN] [net.minecraft.server.MinecraftServer/]: Can't keep up! Is the server overloaded? Running 2004ms or 40 ticks behind
[15Apr2021 14:42:26.869] [Server thread/WARN] [net.minecraft.server.MinecraftServer/]: Can't keep up! Is the server overloaded? Running 2010ms or 40 ticks behind
[15Apr2021 14:42:48.762] [Server thread/WARN] [net.minecraft.server.MinecraftServer/]: Can't keep up! Is the server overloaded? Running 2002ms or 40 ticks behind
[15Apr2021 14:43:10.267] [Server thread/WARN] [net.minecraft.server.MinecraftServer/]: Can't keep up! Is the server overloaded? Running 2007ms or 40 ticks behind
[15Apr2021 14:43:32.263] [Server thread/WARN] [net.minecraft.server.MinecraftServer/]: Can't keep up! Is the server overloaded? Running 2003ms or 40 ticks behind
[15Apr2021 14:43:51.761] [Server thread/WARN] [net.minecraft.server.MinecraftServer/]: Can't keep up! Is the server overloaded? Running 2002ms or 40 ticks behind
[15Apr2021 14:44:11.363] [Server thread/WARN] [net.minecraft.server.MinecraftServer/]: Can't keep up! Is the server overloaded? Running 2004ms or 40 ticks behind
[15Apr2021 14:44:29.110] [Server thread/WARN] [net.minecraft.server.MinecraftServer/]: Can't keep up! Is the server overloaded? Running 2001ms or 40 ticks behind
[15Apr2021 14:44:49.517] [Server thread/WARN] [net.minecraft.server.MinecraftServer/]: Can't keep up! Is the server overloaded? Running 2007ms or 40 ticks behind
[15Apr2021 14:45:14.912] [Server thread/WARN] [net.minecraft.server.MinecraftServer/]: Can't keep up! Is the server overloaded? Running 2002ms or 40 ticks behind
[15Apr2021 14:45:46.213] [Server thread/WARN] [net.minecraft.server.MinecraftServer/]: Can't keep up! Is the server overloaded? Running 2004ms or 40 ticks behind
[15Apr2021 14:46:03.263] [Server thread/WARN] [net.minecraft.server.MinecraftServer/]: Can't keep up! Is the server overloaded? Running 2053ms or 41 ticks behind
[15Apr2021 14:46:26.077] [Server thread/WARN] [net.minecraft.server.MinecraftServer/]: Can't keep up! Is the server overloaded? Running 2017ms or 40 ticks behind
[15Apr2021 14:46:50.561] [Server thread/WARN] [net.minecraft.server.MinecraftServer/]: Can't keep up! Is the server overloaded? Running 2002ms or 40 ticks behind
[15Apr2021 14:47:16.511] [Server thread/WARN] [net.minecraft.server.MinecraftServer/]: Can't keep up! Is the server overloaded? Running 2002ms or 40 ticks behind
[15Apr2021 14:47:37.161] [Server thread/WARN] [net.minecraft.server.MinecraftServer/]: Can't keep up! Is the server overloaded? Running 2001ms or 40 ticks behind
[15Apr2021 14:47:57.069] [Server thread/WARN] [net.minecraft.server.MinecraftServer/]: Can't keep up! Is the server overloaded? Running 2009ms or 40 ticks behind
[15Apr2021 14:48:14.313] [Server thread/WARN] [net.minecraft.server.MinecraftServer/]: Can't keep up! Is the server overloaded? Running 2003ms or 40 ticks behind
[15Apr2021 14:48:34.565] [Server thread/WARN] [net.minecraft.server.MinecraftServer/]: Can't keep up! Is the server overloaded? Running 2005ms or 40 ticks behind
[15Apr2021 14:48:59.016] [Server thread/WARN] [net.minecraft.server.MinecraftServer/]: Can't keep up! Is the server overloaded? Running 2006ms or 40 ticks behind
[15Apr2021 14:49:20.016] [Server thread/WARN] [net.minecraft.server.MinecraftServer/]: Can't keep up! Is the server overloaded? Running 2006ms or 40 ticks behind
[15Apr2021 14:49:39.371] [Server thread/WARN] [net.minecraft.server.MinecraftServer/]: Can't keep up! Is the server overloaded? Running 2011ms or 40 ticks behind
[15Apr2021 14:49:57.008] [Server thread/WARN] [net.minecraft.server.MinecraftServer/]: Can't keep up! Is the server overloaded? Running 2648ms or 52 ticks behind
[15Apr2021 14:50:11.055] [Timer-0/INFO] [com.darkere.crashutils.CrashUtils/]: Unloading chunks for players that have not been online in: 7 Days
[15Apr2021 14:50:11.055] [Timer-0/INFO] [com.darkere.crashutils.CrashUtils/]: [] Player(s) affected 
[15Apr2021 14:50:14.018] [Server thread/WARN] [net.minecraft.server.MinecraftServer/]: Can't keep up! Is the server overloaded? Running 2059ms or 41 ticks behind
[15Apr2021 14:50:31.666] [Server thread/WARN] [net.minecraft.server.MinecraftServer/]: Can't keep up! Is the server overloaded? Running 2006ms or 40 ticks behind
[15Apr2021 14:50:48.858] [Server thread/WARN] [net.minecraft.server.MinecraftServer/]: Can't keep up! Is the server overloaded? Running 2198ms or 43 ticks behind
[15Apr2021 14:51:05.969] [Server thread/WARN] [net.minecraft.server.MinecraftServer/]: Can't keep up! Is the server overloaded? Running 2160ms or 43 ticks behind
[15Apr2021 14:51:25.012] [Server thread/WARN] [net.minecraft.server.MinecraftServer/]: Can't keep up! Is the server overloaded? Running 2002ms or 40 ticks behind
[15Apr2021 14:51:46.829] [Server thread/WARN] [net.minecraft.server.MinecraftServer/]: Can't keep up! Is the server overloaded? Running 2019ms or 40 ticks behind
[15Apr2021 14:52:05.966] [Server thread/WARN] [net.minecraft.server.MinecraftServer/]: Can't keep up! Is the server overloaded? Running 2006ms or 40 ticks behind
[15Apr2021 14:52:24.122] [Server thread/WARN] [net.minecraft.server.MinecraftServer/]: Can't keep up! Is the server overloaded? Running 2012ms or 40 ticks behind
[15Apr2021 14:52:45.861] [Server thread/WARN] [net.minecraft.server.MinecraftServer/]: Can't keep up! Is the server overloaded? Running 2001ms or 40 ticks behind
[15Apr2021 14:53:11.116] [Server thread/WARN] [net.minecraft.server.MinecraftServer/]: Can't keep up! Is the server overloaded? Running 2007ms or 40 ticks behind
[15Apr2021 14:53:33.361] [Server thread/WARN] [net.minecraft.server.MinecraftServer/]: Can't keep up! Is the server overloaded? Running 2001ms or 40 ticks behind
[15Apr2021 14:53:50.463] [Server thread/WARN] [net.minecraft.server.MinecraftServer/]: Can't keep up! Is the server overloaded? Running 2103ms or 42 ticks behind
[15Apr2021 14:54:07.681] [Server thread/WARN] [net.minecraft.server.MinecraftServer/]: Can't keep up! Is the server overloaded? Running 2221ms or 44 ticks behind
[15Apr2021 14:54:28.512] [Server thread/WARN] [net.minecraft.server.MinecraftServer/]: Can't keep up! Is the server overloaded? Running 2002ms or 40 ticks behind
[15Apr2021 14:54:50.368] [Server thread/WARN] [net.minecraft.server.MinecraftServer/]: Can't keep up! Is the server overloaded? Running 2008ms or 40 ticks behind
[15Apr2021 14:55:09.917] [Server thread/WARN] [net.minecraft.server.MinecraftServer/]: Can't keep up! Is the server overloaded? Running 2007ms or 40 ticks behind
[15Apr2021 14:55:27.175] [Server thread/WARN] [net.minecraft.server.MinecraftServer/]: Can't keep up! Is the server overloaded? Running 2265ms or 45 ticks behind
[15Apr2021 14:55:48.017] [Server thread/WARN] [net.minecraft.server.MinecraftServer/]: Can't keep up! Is the server overloaded? Running 2007ms or 40 ticks behind
[15Apr2021 14:56:13.217] [Server thread/WARN] [net.minecraft.server.MinecraftServer/]: Can't keep up! Is the server overloaded? Running 2007ms or 40 ticks behind
[15Apr2021 14:56:36.419] [Server thread/WARN] [net.minecraft.server.MinecraftServer/]: Can't keep up! Is the server overloaded? Running 2009ms or 40 ticks behind
[15Apr2021 14:56:56.813] [Server thread/WARN] [net.minecraft.server.MinecraftServer/]: Can't keep up! Is the server overloaded? Running 2003ms or 40 ticks behind
[15Apr2021 14:57:17.664] [Server thread/WARN] [net.minecraft.server.MinecraftServer/]: Can't keep up! Is the server overloaded? Running 2004ms or 40 ticks behind
[15Apr2021 14:57:44.514] [Server thread/WARN] [net.minecraft.server.MinecraftServer/]: Can't keep up! Is the server overloaded? Running 2005ms or 40 ticks behind
[15Apr2021 14:58:03.215] [Server thread/WARN] [net.minecraft.server.MinecraftServer/]: Can't keep up! Is the server overloaded? Running 2006ms or 40 ticks behind
[15Apr2021 14:58:22.669] [Server thread/WARN] [net.minecraft.server.MinecraftServer/]: Can't keep up! Is the server overloaded? Running 2009ms or 40 ticks behind
[15Apr2021 14:58:43.370] [Server thread/WARN] [net.minecraft.server.MinecraftServer/]: Can't keep up! Is the server overloaded? Running 2011ms or 40 ticks behind
[15Apr2021 14:59:07.220] [Server thread/WARN] [net.minecraft.server.MinecraftServer/]: Can't keep up! Is the server overloaded? Running 2010ms or 40 ticks behind
[15Apr2021 14:59:28.662] [Server thread/WARN] [net.minecraft.server.MinecraftServer/]: Can't keep up! Is the server overloaded? Running 2002ms or 40 ticks behind
[15Apr2021 14:59:50.869] [Server thread/WARN] [net.minecraft.server.MinecraftServer/]: Can't keep up! Is the server overloaded? Running 2010ms or 40 ticks behind
[15Apr2021 15:00:00.065] [Server thread/INFO] [tombstone/]: All players have been successfully backed up
[15Apr2021 15:00:16.870] [Server thread/WARN] [net.minecraft.server.MinecraftServer/]: Can't keep up! Is the server overloaded? Running 2010ms or 40 ticks behind
[15Apr2021 15:00:35.663] [Server thread/WARN] [net.minecraft.server.MinecraftServer/]: Can't keep up! Is the server overloaded? Running 2003ms or 40 ticks behind
[15Apr2021 15:00:58.311] [Server thread/WARN] [net.minecraft.server.MinecraftServer/]: Can't keep up! Is the server overloaded? Running 2001ms or 40 ticks behind
[15Apr2021 15:01:19.011] [Server thread/WARN] [net.minecraft.server.MinecraftServer/]: Can't keep up! Is the server overloaded? Running 2001ms or 40 ticks behind
[15Apr2021 15:01:46.311] [Server thread/WARN] [net.minecraft.server.MinecraftServer/]: Can't keep up! Is the server overloaded? Running 2001ms or 40 ticks behind
[15Apr2021 15:02:03.915] [Server thread/WARN] [net.minecraft.server.MinecraftServer/]: Can't keep up! Is the server overloaded? Running 2005ms or 40 ticks behind
[15Apr2021 15:02:22.364] [Server thread/WARN] [net.minecraft.server.MinecraftServer/]: Can't keep up! Is the server overloaded? Running 2004ms or 40 ticks behind
[15Apr2021 15:02:43.663] [Server thread/WARN] [net.minecraft.server.MinecraftServer/]: Can't keep up! Is the server overloaded? Running 2003ms or 40 ticks behind
[15Apr2021 15:03:06.913] [Server thread/WARN] [net.minecraft.server.MinecraftServer/]: Can't keep up! Is the server overloaded? Running 2003ms or 40 ticks behind
[15Apr2021 15:03:25.762] [Server thread/WARN] [net.minecraft.server.MinecraftServer/]: Can't keep up! Is the server overloaded? Running 2002ms or 40 ticks behind
[15Apr2021 15:03:49.614] [Server thread/WARN] [net.minecraft.server.MinecraftServer/]: Can't keep up! Is the server overloaded? Running 2004ms or 40 ticks behind
[15Apr2021 15:04:07.967] [Server thread/WARN] [net.minecraft.server.MinecraftServer/]: Can't keep up! Is the server overloaded? Running 2007ms or 40 ticks behind
[15Apr2021 15:04:28.267] [Server thread/WARN] [net.minecraft.server.MinecraftServer/]: Can't keep up! Is the server overloaded? Running 2007ms or 40 ticks behind
[15Apr2021 15:04:57.411] [Server thread/WARN] [net.minecraft.server.MinecraftServer/]: Can't keep up! Is the server overloaded? Running 2002ms or 40 ticks behind
[15Apr2021 15:05:23.422] [Server thread/WARN] [net.minecraft.server.MinecraftServer/]: Can't keep up! Is the server overloaded? Running 2012ms or 40 ticks behind
[15Apr2021 15:05:46.711] [Server thread/WARN] [net.minecraft.server.MinecraftServer/]: Can't keep up! Is the server overloaded? Running 2001ms or 40 ticks behind
[15Apr2021 15:06:03.746] [Server thread/WARN] [net.minecraft.server.MinecraftServer/]: Can't keep up! Is the server overloaded? Running 2036ms or 40 ticks behind
[15Apr2021 15:06:23.173] [Server thread/WARN] [net.minecraft.server.MinecraftServer/]: Can't keep up! Is the server overloaded? Running 2013ms or 40 ticks behind
[15Apr2021 15:06:40.867] [Server thread/WARN] [net.minecraft.server.MinecraftServer/]: Can't keep up! Is the server overloaded? Running 2007ms or 40 ticks behind
[15Apr2021 15:07:03.611] [Server thread/WARN] [net.minecraft.server.MinecraftServer/]: Can't keep up! Is the server overloaded? Running 2001ms or 40 ticks behind
[15Apr2021 15:07:23.810] [Server thread/WARN] [net.minecraft.server.MinecraftServer/]: Can't keep up! Is the server overloaded? Running 2001ms or 40 ticks behind
[15Apr2021 15:07:43.213] [Server thread/WARN] [net.minecraft.server.MinecraftServer/]: Can't keep up! Is the server overloaded? Running 2003ms or 40 ticks behind
[15Apr2021 15:08:06.080] [Server thread/WARN] [net.minecraft.server.MinecraftServer/]: Can't keep up! Is the server overloaded? Running 2170ms or 43 ticks behind
[15Apr2021 15:08:28.563] [Server thread/WARN] [net.minecraft.server.MinecraftServer/]: Can't keep up! Is the server overloaded? Running 2003ms or 40 ticks behind
[15Apr2021 15:08:53.567] [Server thread/WARN] [net.minecraft.server.MinecraftServer/]: Can't keep up! Is the server overloaded? Running 2008ms or 40 ticks behind
[15Apr2021 15:09:18.472] [Server thread/WARN] [net.minecraft.server.MinecraftServer/]: Can't keep up! Is the server overloaded? Running 2013ms or 40 ticks behind
[15Apr2021 15:09:41.714] [Server thread/WARN] [net.minecraft.server.MinecraftServer/]: Can't keep up! Is the server overloaded? Running 2005ms or 40 ticks behind
[15Apr2021 15:10:05.612] [Server thread/WARN] [net.minecraft.server.MinecraftServer/]: Can't keep up! Is the server overloaded? Running 2002ms or 40 ticks behind
[15Apr2021 15:10:35.961] [Server thread/WARN] [net.minecraft.server.MinecraftServer/]: Can't keep up! Is the server overloaded? Running 2001ms or 40 ticks behind
[15Apr2021 15:11:06.314] [Server thread/WARN] [net.minecraft.server.MinecraftServer/]: Can't keep up! Is the server overloaded? Running 2004ms or 40 ticks behind
[15Apr2021 15:11:27.012] [Server thread/WARN] [net.minecraft.server.MinecraftServer/]: Can't keep up! Is the server overloaded? Running 2002ms or 40 ticks behind
[15Apr2021 15:11:50.020] [Server thread/WARN] [net.minecraft.server.MinecraftServer/]: Can't keep up! Is the server overloaded? Running 2011ms or 40 ticks behind
[15Apr2021 15:12:07.411] [Server thread/WARN] [net.minecraft.server.MinecraftServer/]: Can't keep up! Is the server overloaded? Running 2001ms or 40 ticks behind
[15Apr2021 15:12:24.789] [Server thread/WARN] [net.minecraft.server.MinecraftServer/]: Can't keep up! Is the server overloaded? Running 2379ms or 47 ticks behind
[15Apr2021 15:12:47.865] [Server thread/WARN] [net.minecraft.server.MinecraftServer/]: Can't keep up! Is the server overloaded? Running 2005ms or 40 ticks behind
[15Apr2021 15:13:07.868] [Server thread/WARN] [net.minecraft.server.MinecraftServer/]: Can't keep up! Is the server overloaded? Running 2008ms or 40 ticks behind
[15Apr2021 15:13:25.172] [Server thread/WARN] [net.minecraft.server.MinecraftServer/]: Can't keep up! Is the server overloaded? Running 2012ms or 40 ticks behind
[15Apr2021 15:13:42.766] [Server thread/WARN] [net.minecraft.server.MinecraftServer/]: Can't keep up! Is the server overloaded? Running 2006ms or 40 ticks behind
[15Apr2021 15:14:02.764] [Server thread/WARN] [net.minecraft.server.MinecraftServer/]: Can't keep up! Is the server overloaded? Running 2005ms or 40 ticks behind
[15Apr2021 15:14:19.836] [Server thread/WARN] [net.minecraft.server.MinecraftServer/]: Can't keep up! Is the server overloaded? Running 2076ms or 41 ticks behind
[15Apr2021 15:14:38.661] [Server thread/WARN] [net.minecraft.server.MinecraftServer/]: Can't keep up! Is the server overloaded? Running 2001ms or 40 ticks behind
[15Apr2021 15:14:55.664] [Server thread/WARN] [net.minecraft.server.MinecraftServer/]: Can't keep up! Is the server overloaded? Running 2004ms or 40 ticks behind
[15Apr2021 15:15:17.988] [Server thread/WARN] [net.minecraft.server.MinecraftServer/]: Can't keep up! Is the server overloaded? Running 2029ms or 40 ticks behind
[15Apr2021 15:15:43.465] [Server thread/WARN] [net.minecraft.server.MinecraftServer/]: Can't keep up! Is the server overloaded? Running 2005ms or 40 ticks behind
[15Apr2021 15:16:00.784] [Server thread/WARN] [net.minecraft.server.MinecraftServer/]: Can't keep up! Is the server overloaded? Running 2325ms or 46 ticks behind
[15Apr2021 15:16:20.712] [Server thread/WARN] [net.minecraft.server.MinecraftServer/]: Can't keep up! Is the server overloaded? Running 2002ms or 40 ticks behind
[15Apr2021 15:16:44.113] [Server thread/WARN] [net.minecraft.server.MinecraftServer/]: Can't keep up! Is the server overloaded? Running 2003ms or 40 ticks behind
[15Apr2021 15:17:01.862] [Server thread/WARN] [net.minecraft.server.MinecraftServer/]: Can't keep up! Is the server overloaded? Running 2002ms or 40 ticks behind
[15Apr2021 15:17:20.614] [Server thread/WARN] [net.minecraft.server.MinecraftServer/]: Can't keep up! Is the server overloaded? Running 2005ms or 40 ticks behind
[15Apr2021 15:17:39.162] [Server thread/WARN] [net.minecraft.server.MinecraftServer/]: Can't keep up! Is the server overloaded? Running 2002ms or 40 ticks behind
[15Apr2021 15:17:59.560] [Server thread/WARN] [net.minecraft.server.MinecraftServer/]: Can't keep up! Is the server overloaded? Running 2001ms or 40 ticks behind
[15Apr2021 15:18:22.313] [Server thread/WARN] [net.minecraft.server.MinecraftServer/]: Can't keep up! Is the server overloaded? Running 2004ms or 40 ticks behind
[15Apr2021 15:18:40.014] [Server thread/WARN] [net.minecraft.server.MinecraftServer/]: Can't keep up! Is the server overloaded? Running 2704ms or 54 ticks behind
[15Apr2021 15:19:00.112] [Server thread/WARN] [net.minecraft.server.MinecraftServer/]: Can't keep up! Is the server overloaded? Running 2002ms or 40 ticks behind
[15Apr2021 15:19:17.139] [Server thread/WARN] [net.minecraft.server.MinecraftServer/]: Can't keep up! Is the server overloaded? Running 2029ms or 40 ticks behind
[15Apr2021 15:19:38.813] [Server thread/WARN] [net.minecraft.server.MinecraftServer/]: Can't keep up! Is the server overloaded? Running 2003ms or 40 ticks behind
[15Apr2021 15:19:58.765] [Server thread/WARN] [net.minecraft.server.MinecraftServer/]: Can't keep up! Is the server overloaded? Running 2006ms or 40 ticks behind
[15Apr2021 15:20:00.122] [Server thread/INFO] [tombstone/]: All players have been successfully backed up
[15Apr2021 15:20:17.369] [Server thread/WARN] [net.minecraft.server.MinecraftServer/]: Can't keep up! Is the server overloaded? Running 2009ms or 40 ticks behind
[15Apr2021 15:20:37.680] [Server thread/WARN] [net.minecraft.server.MinecraftServer/]: Can't keep up! Is the server overloaded? Running 2020ms or 40 ticks behind
[15Apr2021 15:20:54.688] [Server thread/WARN] [net.minecraft.server.MinecraftServer/]: Can't keep up! Is the server overloaded? Running 2028ms or 40 ticks behind
[15Apr2021 15:21:18.012] [Server thread/WARN] [net.minecraft.server.MinecraftServer/]: Can't keep up! Is the server overloaded? Running 2003ms or 40 ticks behind
[15Apr2021 15:21:35.179] [Server thread/WARN] [net.minecraft.server.MinecraftServer/]: Can't keep up! Is the server overloaded? Running 2169ms or 43 ticks behind
[15Apr2021 15:22:03.120] [Server thread/WARN] [net.minecraft.server.MinecraftServer/]: Can't keep up! Is the server overloaded? Running 2010ms or 40 ticks behind
[15Apr2021 15:22:23.870] [Server thread/WARN] [net.minecraft.server.MinecraftServer/]: Can't keep up! Is the server overloaded? Running 2010ms or 40 ticks behind
[15Apr2021 15:22:44.667] [Server thread/WARN] [net.minecraft.server.MinecraftServer/]: Can't keep up! Is the server overloaded? Running 2007ms or 40 ticks behind
[15Apr2021 15:23:07.216] [Server thread/WARN] [net.minecraft.server.MinecraftServer/]: Can't keep up! Is the server overloaded? Running 2006ms or 40 ticks behind
[15Apr2021 15:23:39.360] [Server thread/WARN] [net.minecraft.server.MinecraftServer/]: Can't keep up! Is the server overloaded? Running 2001ms or 40 ticks behind
[15Apr2021 15:24:02.161] [Server thread/WARN] [net.minecraft.server.MinecraftServer/]: Can't keep up! Is the server overloaded? Running 2001ms or 40 ticks behind
[15Apr2021 15:24:24.764] [Server thread/WARN] [net.minecraft.server.MinecraftServer/]: Can't keep up! Is the server overloaded? Running 2004ms or 40 ticks behind
[15Apr2021 15:24:46.164] [Server thread/WARN] [net.minecraft.server.MinecraftServer/]: Can't keep up! Is the server overloaded? Running 2005ms or 40 ticks behind
[15Apr2021 15:25:17.017] [Server thread/WARN] [net.minecraft.server.MinecraftServer/]: Can't keep up! Is the server overloaded? Running 2007ms or 40 ticks behind
[15Apr2021 15:25:38.012] [Server thread/WARN] [net.minecraft.server.MinecraftServer/]: Can't keep up! Is the server overloaded? Running 2003ms or 40 ticks behind
[15Apr2021 15:25:58.515] [Server thread/WARN] [net.minecraft.server.MinecraftServer/]: Can't keep up! Is the server overloaded? Running 2005ms or 40 ticks behind
[15Apr2021 15:26:52.020] [Server thread/WARN] [net.minecraft.server.MinecraftServer/]: Can't keep up! Is the server overloaded? Running 2011ms or 40 ticks behind
[15Apr2021 15:27:09.348] [Server thread/WARN] [net.minecraft.server.MinecraftServer/]: Can't keep up! Is the server overloaded? Running 2338ms or 46 ticks behind
[15Apr2021 15:27:27.107] [Server thread/WARN] [net.minecraft.server.MinecraftServer/]: Can't keep up! Is the server overloaded? Running 2797ms or 55 ticks behind
[15Apr2021 15:27:35.794] [Server thread/INFO] [net.minecraft.network.play.ServerPlayNetHandler/]: Jicky_Chin lost connection: Disconnected
[15Apr2021 15:27:35.794] [Server thread/INFO] [net.minecraft.server.dedicated.DedicatedServer/]: Jicky_Chin left the game
[15Apr2021 15:37:38.552] [Server thread/INFO] [FTB Utilities Backups/]: Server Backup started!
[15Apr2021 15:37:38.553] [Server thread/INFO] [net.minecraft.server.dedicated.DedicatedServer/]: Server Backup started!
[15Apr2021 15:37:38.584] [Thread-2448/INFO] [FTB Utilities Backups/]: Deleting old backup: 2021-04-13-18-50-09.zip
[15Apr2021 15:37:38.586] [Thread-2448/INFO] [FTB Utilities Backups/]: Backing up 1211 files...
[15Apr2021 15:37:38.586] [Thread-2448/INFO] [FTB Utilities Backups/]: Compressing 1211 files...
[15Apr2021 15:38:32.870] [Thread-2448/INFO] [FTB Utilities Backups/]: Done compressing in 00:54 seconds (991.5MB)!
[15Apr2021 15:38:32.870] [Thread-2448/INFO] [FTB Utilities Backups/]: Created /home/boner/Desktop/atmserver/Current/backups/2021-04-15-15-37-38.zip from /home/boner/Desktop/atmserver/Current/world
[15Apr2021 15:38:32.871] [Thread-2448/INFO] [net.minecraft.server.dedicated.DedicatedServer/]: Server backup done in 00:54! (991.5MB | 5.8GB)
[15Apr2021 15:40:00.000] [Server thread/INFO] [tombstone/]: All players have been successfully backed up
[15Apr2021 15:40:00.047] [Server thread/INFO] [tombstone/]: All players have been successfully backed up
[15Apr2021 15:50:11.055] [Timer-0/INFO] [com.darkere.crashutils.CrashUtils/]: Unloading chunks for players that have not been online in: 7 Days
[15Apr2021 15:50:11.055] [Timer-0/INFO] [com.darkere.crashutils.CrashUtils/]: [] Player(s) affected 
[15Apr2021 16:00:00.048] [Server thread/INFO] [tombstone/]: All players have been successfully backed up
[15Apr2021 16:20:00.004] [Server thread/INFO] [tombstone/]: All players have been successfully backed up
[15Apr2021 16:20:00.045] [Server thread/INFO] [tombstone/]: All players have been successfully backed up
[15Apr2021 16:40:00.047] [Server thread/INFO] [tombstone/]: All players have been successfully backed up
[15Apr2021 16:50:11.055] [Timer-0/INFO] [com.darkere.crashutils.CrashUtils/]: Unloading chunks for players that have not been online in: 7 Days
[15Apr2021 16:50:11.055] [Timer-0/INFO] [com.darkere.crashutils.CrashUtils/]: [] Player(s) affected 
[15Apr2021 17:00:00.046] [Server thread/INFO] [tombstone/]: All players have been successfully backed up
[15Apr2021 17:20:00.049] [Server thread/INFO] [tombstone/]: All players have been successfully backed up
[15Apr2021 17:40:00.048] [Server thread/INFO] [tombstone/]: All players have been successfully backed up
[15Apr2021 17:50:11.055] [Timer-0/INFO] [com.darkere.crashutils.CrashUtils/]: Unloading chunks for players that have not been online in: 7 Days
[15Apr2021 17:50:11.055] [Timer-0/INFO] [com.darkere.crashutils.CrashUtils/]: [] Player(s) affected 
[15Apr2021 18:00:00.000] [Server thread/INFO] [tombstone/]: All players have been successfully backed up
[15Apr2021 18:20:00.004] [Server thread/INFO] [tombstone/]: All players have been successfully backed up
[15Apr2021 18:20:00.047] [Server thread/INFO] [tombstone/]: All players have been successfully backed up
[15Apr2021 18:40:00.046] [Server thread/INFO] [tombstone/]: All players have been successfully backed up
[15Apr2021 18:50:11.055] [Timer-0/INFO] [com.darkere.crashutils.CrashUtils/]: Unloading chunks for players that have not been online in: 7 Days
[15Apr2021 18:50:11.055] [Timer-0/INFO] [com.darkere.crashutils.CrashUtils/]: [] Player(s) affected 
[15Apr2021 19:00:00.046] [Server thread/INFO] [tombstone/]: All players have been successfully backed up
[15Apr2021 19:15:18.001] [Server thread/INFO] [net.minecraft.server.dedicated.DedicatedServer/]: Stopping the server
[15Apr2021 19:15:18.046] [Server thread/INFO] [ipsis.woot.setup.ModSetup/]: onServerStop
[15Apr2021 19:15:18.055] [Server thread/INFO] [net.minecraft.server.MinecraftServer/]: Stopping server
[15Apr2021 19:15:18.056] [Server thread/INFO] [net.minecraft.server.MinecraftServer/]: Saving players
[15Apr2021 19:15:18.057] [Server thread/INFO] [net.minecraft.server.MinecraftServer/]: Saving worlds
[15Apr2021 19:15:18.057] [Server thread/INFO] [net.minecraft.server.MinecraftServer/]: Saving chunks for level 'ServerLevel[world]'/minecraft:overworld
[15Apr2021 19:15:18.774] [Server thread/INFO] [net.minecraft.world.server.ChunkManager/]: ThreadedAnvilChunkStorage (world): All chunks are saved
[15Apr2021 19:15:18.775] [Server thread/INFO] [net.minecraft.server.MinecraftServer/]: Saving chunks for level 'ServerLevel[world]'/minecraft:the_nether
[15Apr2021 19:15:18.786] [Server thread/INFO] [net.minecraft.world.server.ChunkManager/]: ThreadedAnvilChunkStorage (DIM-1): All chunks are saved
[15Apr2021 19:15:18.786] [Server thread/INFO] [net.minecraft.server.MinecraftServer/]: Saving chunks for level 'ServerLevel[world]'/minecraft:the_end
[15Apr2021 19:15:18.787] [Server thread/INFO] [net.minecraft.world.server.ChunkManager/]: ThreadedAnvilChunkStorage (DIM1): All chunks are saved
[15Apr2021 19:15:18.787] [Server thread/INFO] [net.minecraft.server.MinecraftServer/]: Saving chunks for level 'ServerLevel[world]'/compactmachines:compact_world
[15Apr2021 19:15:18.817] [Server thread/INFO] [net.minecraft.world.server.ChunkManager/]: ThreadedAnvilChunkStorage (compact_world): All chunks are saved
[15Apr2021 19:15:18.817] [Server thread/INFO] [net.minecraft.server.MinecraftServer/]: Saving chunks for level 'ServerLevel[world]'/rats:ratlantis
[15Apr2021 19:15:18.818] [Server thread/INFO] [net.minecraft.world.server.ChunkManager/]: ThreadedAnvilChunkStorage (ratlantis): All chunks are saved
[15Apr2021 19:15:18.818] [Server thread/INFO] [net.minecraft.server.MinecraftServer/]: Saving chunks for level 'ServerLevel[world]'/twilightforest:twilightforest
[15Apr2021 19:15:18.819] [Server thread/INFO] [net.minecraft.world.server.ChunkManager/]: ThreadedAnvilChunkStorage (twilightforest): All chunks are saved
[15Apr2021 19:15:18.819] [Server thread/INFO] [net.minecraft.server.MinecraftServer/]: Saving chunks for level 'ServerLevel[world]'/woot:tartarus
[15Apr2021 19:15:18.820] [Server thread/INFO] [net.minecraft.world.server.ChunkManager/]: ThreadedAnvilChunkStorage (tartarus): All chunks are saved
[15Apr2021 19:15:18.820] [Server thread/INFO] [net.minecraft.server.MinecraftServer/]: Saving chunks for level 'ServerLevel[world]'/twilightforest:skylight_forest
[15Apr2021 19:15:18.820] [Server thread/INFO] [net.minecraft.world.server.ChunkManager/]: ThreadedAnvilChunkStorage (skylight_forest): All chunks are saved
[15Apr2021 19:15:18.821] [Server thread/INFO] [net.minecraft.server.MinecraftServer/]: Saving chunks for level 'ServerLevel[world]'/mahoutsukai:reality_marble
[15Apr2021 19:15:18.821] [Server thread/INFO] [net.minecraft.world.server.ChunkManager/]: ThreadedAnvilChunkStorage (reality_marble): All chunks are saved
[15Apr2021 19:15:18.821] [Server thread/INFO] [net.minecraft.server.MinecraftServer/]: Saving chunks for level 'ServerLevel[world]'/allthemodium:mining
[15Apr2021 19:15:18.831] [Server thread/INFO] [net.minecraft.world.server.ChunkManager/]: ThreadedAnvilChunkStorage (mining): All chunks are saved
[15Apr2021 19:15:18.832] [Server thread/INFO] [net.minecraft.server.MinecraftServer/]: Saving chunks for level 'ServerLevel[world]'/appliedenergistics2:spatial_storage
[15Apr2021 19:15:18.832] [Server thread/INFO] [net.minecraft.world.server.ChunkManager/]: ThreadedAnvilChunkStorage (spatial_storage): All chunks are saved
[15Apr2021 19:15:18.833] [Server thread/INFO] [net.minecraft.server.MinecraftServer/]: Saving chunks for level 'ServerLevel[world]'/lostcities:lostcity
[15Apr2021 19:15:18.833] [Server thread/INFO] [net.minecraft.world.server.ChunkManager/]: ThreadedAnvilChunkStorage (lostcity): All chunks are saved
[15Apr2021 19:15:18.833] [Server thread/INFO] [net.minecraft.server.MinecraftServer/]: Saving chunks for level 'ServerLevel[world]'/allthemodium:the_other
[15Apr2021 19:15:18.834] [Server thread/INFO] [net.minecraft.world.server.ChunkManager/]: ThreadedAnvilChunkStorage (the_other): All chunks are saved
[15Apr2021 19:15:19.017] [Server thread/INFO] [ObserverLib/]: Load CachedWorldData 'structure_buffer' for world minecraft:overworld
[15Apr2021 19:15:19.018] [Server thread/INFO] [ObserverLib/]: Loading of 'structure_buffer' for world minecraft:overworld finished.
[15Apr2021 19:15:19.333] [Server thread/INFO] [net.minecraft.world.server.ChunkManager/]: ThreadedAnvilChunkStorage (world): All chunks are saved
[15Apr2021 19:15:19.347] [Server thread/INFO] [net.minecraft.world.server.ChunkManager/]: ThreadedAnvilChunkStorage (DIM-1): All chunks are saved
[15Apr2021 19:15:19.351] [Server thread/INFO] [net.minecraft.world.server.ChunkManager/]: ThreadedAnvilChunkStorage (DIM1): All chunks are saved
[15Apr2021 19:15:19.375] [Server thread/INFO] [net.minecraft.world.server.ChunkManager/]: ThreadedAnvilChunkStorage (compact_world): All chunks are saved
[15Apr2021 19:15:19.380] [Server thread/INFO] [net.minecraft.world.server.ChunkManager/]: ThreadedAnvilChunkStorage (ratlantis): All chunks are saved
[15Apr2021 19:15:19.384] [Server thread/INFO] [net.minecraft.world.server.ChunkManager/]: ThreadedAnvilChunkStorage (twilightforest): All chunks are saved
[15Apr2021 19:15:19.389] [Server thread/INFO] [net.minecraft.world.server.ChunkManager/]: ThreadedAnvilChunkStorage (tartarus): All chunks are saved
[15Apr2021 19:15:19.394] [Server thread/INFO] [net.minecraft.world.server.ChunkManager/]: ThreadedAnvilChunkStorage (skylight_forest): All chunks are saved
[15Apr2021 19:15:19.398] [Server thread/INFO] [net.minecraft.world.server.ChunkManager/]: ThreadedAnvilChunkStorage (reality_marble): All chunks are saved
[15Apr2021 19:15:19.403] [Server thread/INFO] [net.minecraft.world.server.ChunkManager/]: ThreadedAnvilChunkStorage (mining): All chunks are saved
[15Apr2021 19:15:19.420] [Server thread/INFO] [net.minecraft.world.server.ChunkManager/]: ThreadedAnvilChunkStorage (spatial_storage): All chunks are saved
[15Apr2021 19:15:19.424] [Server thread/INFO] [net.minecraft.world.server.ChunkManager/]: ThreadedAnvilChunkStorage (lostcity): All chunks are saved
[15Apr2021 19:15:19.427] [Server thread/INFO] [net.minecraft.world.server.ChunkManager/]: ThreadedAnvilChunkStorage (the_other): All chunks are saved
[15Apr2021 19:15:19.432] [Server thread/INFO] [endertanks/]: Unloading EnderTank Data
[15Apr2021 19:15:19.432] [Server thread/INFO] [endertanks/]: Finished Unloading EnderTank Data
[15Apr2021 19:15:19.433] [Server thread/INFO] [FluxNetworks/]: FluxNetworkData has been unloaded
[15Apr2021 19:15:19.434] [Server thread/INFO] [enderchests/]: Unloading EnderChest Data
[15Apr2021 19:15:19.434] [Server thread/INFO] [enderchests/]: Finished Unloading EnderChest Data
